app/build/outputs/logs/manifest-merger-debug-report.txt
-- Merging decision tree log ---
manifest
ADDED from AndroidManifest.xml:2:1
	xmlns:android
		ADDED from AndroidManifest.xml:2:11
	package
		ADDED from AndroidManifest.xml:3:11
		INJECTED from AndroidManifest.xml:0:0
		INJECTED from AndroidManifest.xml:0:0
	android:versionName
		ADDED from AndroidManifest.xml:5:11
	android:versionCode
		ADDED from AndroidManifest.xml:4:11
		INJECTED from AndroidManifest.xml:0:0
		INJECTED from AndroidManifest.xml:0:0
uses-permission#android.permission.INTERNET
ADDED from AndroidManifest.xml:7:3
	android:name
		ADDED from AndroidManifest.xml:8:6
application
ADDED from AndroidManifest.xml:10:3
	android:label
		ADDED from AndroidManifest.xml:11:5
	android:allowBackup
		ADDED from AndroidManifest.xml:12:7
activity#vandy.mooc.activities.MainActivity
ADDED from AndroidManifest.xml:14:5
	android:label
		ADDED from AndroidManifest.xml:15:15
	android:name
		ADDED from AndroidManifest.xml:14:15
intent-filter#android.intent.action.MAIN+android.intent.category.LAUNCHER
ADDED from AndroidManifest.xml:16:7
action#android.intent.action.MAIN
ADDED from AndroidManifest.xml:17:9
	android:name
		ADDED from AndroidManifest.xml:17:17
category#android.intent.category.LAUNCHER
ADDED from AndroidManifest.xml:18:9
	android:name
		ADDED from AndroidManifest.xml:18:19
service#vandy.mooc.services.WeatherServiceSync
ADDED from AndroidManifest.xml:22:5
	android:process
		ADDED from AndroidManifest.xml:24:8
	android:name
		ADDED from AndroidManifest.xml:23:8
service#vandy.mooc.services.WeatherServiceAsync
ADDED from AndroidManifest.xml:27:5
	android:process
		ADDED from AndroidManifest.xml:29:8
	android:name
		ADDED from AndroidManifest.xml:28:8
uses-sdk
INJECTED from AndroidManifest.xml:0:0 reason: use-sdk injection requested
	android:targetSdkVersion
		INJECTED from AndroidManifest.xml:0:0
		INJECTED from AndroidManifest.xml:0:0
	android:minSdkVersion
		INJECTED from AndroidManifest.xml:0:0
		INJECTED from AndroidManifest.xml:0:0